[ 2015-04-15T14:40:11+08:00 ] ::1 /Thinkphp/index.php/Home/Series/showpage
INFO: [ app_init ] --START--
INFO: Run Behavior\BuildLiteBehavior [ RunTime:0.000000s ]
INFO: [ app_init ] --END-- [ RunTime:0.002000s ]
INFO: [ app_begin ] --START--
INFO: Run Behavior\ReadHtmlCacheBehavior [ RunTime:0.002000s ]
INFO: [ app_begin ] --END-- [ RunTime:0.002000s ]
NOTIC: [8192] mysql_connect(): The mysql extension is deprecated and will be removed in the future: use mysqli or PDO instead E:\weixinweixin\wamp\www\Thinkphp\ThinkPHP\Library\Think\Db\Driver\Mysql.class.php 第 52 行.
SQL: SHOW COLUMNS FROM `series` [ RunTime:1.224070s ]
SQL: SELECT COUNT(*) AS tp_count FROM `series` LIMIT 1   [ RunTime:0.265015s ]
SQL: SELECT `Id`,`Mode`,`Level`,`State`,`Name` FROM `series` LIMIT 0,2   [ RunTime:0.001001s ]
SQL: SHOW COLUMNS FROM `matches` [ RunTime:0.046003s ]
NOTIC: [8] Use of undefined constant A - assumed 'A' E:\weixinweixin\wamp\www\Thinkphp\Application\Test\Controller\MatchesController.class.php 第 105 行.
NOTIC: [8] Use of undefined constant B - assumed 'B' E:\weixinweixin\wamp\www\Thinkphp\Application\Test\Controller\MatchesController.class.php 第 105 行.
NOTIC: [8] Use of undefined constant C - assumed 'C' E:\weixinweixin\wamp\www\Thinkphp\Application\Test\Controller\MatchesController.class.php 第 105 行.
NOTIC: [8] Use of undefined constant D - assumed 'D' E:\weixinweixin\wamp\www\Thinkphp\Application\Test\Controller\MatchesController.class.php 第 105 行.
NOTIC: [8] Use of undefined constant E - assumed 'E' E:\weixinweixin\wamp\www\Thinkphp\Application\Test\Controller\MatchesController.class.php 第 106 行.
NOTIC: [8] Use of undefined constant F - assumed 'F' E:\weixinweixin\wamp\www\Thinkphp\Application\Test\Controller\MatchesController.class.php 第 106 行.
NOTIC: [8] Use of undefined constant G - assumed 'G' E:\weixinweixin\wamp\www\Thinkphp\Application\Test\Controller\MatchesController.class.php 第 106 行.
NOTIC: [8] Use of undefined constant H - assumed 'H' E:\weixinweixin\wamp\www\Thinkphp\Application\Test\Controller\MatchesController.class.php 第 106 行.
NOTIC: [8] Use of undefined constant I - assumed 'I' E:\weixinweixin\wamp\www\Thinkphp\Application\Test\Controller\MatchesController.class.php 第 107 行.
NOTIC: [8] Use of undefined constant J - assumed 'J' E:\weixinweixin\wamp\www\Thinkphp\Application\Test\Controller\MatchesController.class.php 第 107 行.
NOTIC: [8] Use of undefined constant K - assumed 'K' E:\weixinweixin\wamp\www\Thinkphp\Application\Test\Controller\MatchesController.class.php 第 107 行.
NOTIC: [8] Use of undefined constant L - assumed 'L' E:\weixinweixin\wamp\www\Thinkphp\Application\Test\Controller\MatchesController.class.php 第 107 行.
INFO: [ view_parse ] --START--
NOTIC: [8] Undefined offset: 1 E:\weixinweixin\wamp\www\Thinkphp\ThinkPHP\Library\Think\Template\TagLib\Cx.class.php 第 494 行.
INFO: [ template_filter ] --START--
INFO: Run Behavior\ContentReplaceBehavior [ RunTime:0.000000s ]
INFO: [ template_filter ] --END-- [ RunTime:0.000000s ]
INFO: Run Behavior\ParseTemplateBehavior [ RunTime:0.042003s ]
INFO: [ view_parse ] --END-- [ RunTime:0.042003s ]
INFO: [ view_filter ] --START--
INFO: Run Behavior\WriteHtmlCacheBehavior [ RunTime:0.001000s ]
INFO: [ view_filter ] --END-- [ RunTime:0.001000s ]
INFO: [ app_end ] --START--
INFO: Run Behavior\ShowPageTraceBehavior [ RunTime:0.002000s ]
INFO: [ app_end ] --END-- [ RunTime:0.002000s ]

[ 2015-04-15T14:40:15+08:00 ] ::1 /thinkphp/index.php/home/series/showpage/p/2.html
INFO: [ app_init ] --START--
INFO: Run Behavior\BuildLiteBehavior [ RunTime:0.001000s ]
INFO: [ app_init ] --END-- [ RunTime:0.001000s ]
INFO: [ app_begin ] --START--
INFO: Run Behavior\ReadHtmlCacheBehavior [ RunTime:0.001000s ]
INFO: [ app_begin ] --END-- [ RunTime:0.001000s ]
NOTIC: [8192] mysql_connect(): The mysql extension is deprecated and will be removed in the future: use mysqli or PDO instead E:\weixinweixin\wamp\www\Thinkphp\ThinkPHP\Library\Think\Db\Driver\Mysql.class.php 第 52 行.
SQL: SHOW COLUMNS FROM `series` [ RunTime:0.010000s ]
SQL: SELECT COUNT(*) AS tp_count FROM `series` LIMIT 1   [ RunTime:0.001000s ]
SQL: SELECT `Id`,`Mode`,`Level`,`State`,`Name` FROM `series` LIMIT 2,2   [ RunTime:0.001001s ]
SQL: SHOW COLUMNS FROM `matches` [ RunTime:0.009000s ]
NOTIC: [8] Use of undefined constant A - assumed 'A' E:\weixinweixin\wamp\www\Thinkphp\Application\Test\Controller\MatchesController.class.php 第 105 行.
NOTIC: [8] Use of undefined constant B - assumed 'B' E:\weixinweixin\wamp\www\Thinkphp\Application\Test\Controller\MatchesController.class.php 第 105 行.
NOTIC: [8] Use of undefined constant C - assumed 'C' E:\weixinweixin\wamp\www\Thinkphp\Application\Test\Controller\MatchesController.class.php 第 105 行.
NOTIC: [8] Use of undefined constant D - assumed 'D' E:\weixinweixin\wamp\www\Thinkphp\Application\Test\Controller\MatchesController.class.php 第 105 行.
NOTIC: [8] Use of undefined constant E - assumed 'E' E:\weixinweixin\wamp\www\Thinkphp\Application\Test\Controller\MatchesController.class.php 第 106 行.
NOTIC: [8] Use of undefined constant F - assumed 'F' E:\weixinweixin\wamp\www\Thinkphp\Application\Test\Controller\MatchesController.class.php 第 106 行.
NOTIC: [8] Use of undefined constant G - assumed 'G' E:\weixinweixin\wamp\www\Thinkphp\Application\Test\Controller\MatchesController.class.php 第 106 行.
NOTIC: [8] Use of undefined constant H - assumed 'H' E:\weixinweixin\wamp\www\Thinkphp\Application\Test\Controller\MatchesController.class.php 第 106 行.
NOTIC: [8] Use of undefined constant I - assumed 'I' E:\weixinweixin\wamp\www\Thinkphp\Application\Test\Controller\MatchesController.class.php 第 107 行.
NOTIC: [8] Use of undefined constant J - assumed 'J' E:\weixinweixin\wamp\www\Thinkphp\Application\Test\Controller\MatchesController.class.php 第 107 行.
NOTIC: [8] Use of undefined constant K - assumed 'K' E:\weixinweixin\wamp\www\Thinkphp\Application\Test\Controller\MatchesController.class.php 第 107 行.
NOTIC: [8] Use of undefined constant L - assumed 'L' E:\weixinweixin\wamp\www\Thinkphp\Application\Test\Controller\MatchesController.class.php 第 107 行.
INFO: [ view_parse ] --START--
NOTIC: [8] Undefined offset: 1 E:\weixinweixin\wamp\www\Thinkphp\ThinkPHP\Library\Think\Template\TagLib\Cx.class.php 第 494 行.
INFO: [ template_filter ] --START--
INFO: Run Behavior\ContentReplaceBehavior [ RunTime:0.001000s ]
INFO: [ template_filter ] --END-- [ RunTime:0.001000s ]
INFO: Run Behavior\ParseTemplateBehavior [ RunTime:0.046003s ]
INFO: [ view_parse ] --END-- [ RunTime:0.046003s ]
INFO: [ view_filter ] --START--
INFO: Run Behavior\WriteHtmlCacheBehavior [ RunTime:0.001000s ]
INFO: [ view_filter ] --END-- [ RunTime:0.001000s ]
INFO: [ app_end ] --START--
INFO: Run Behavior\ShowPageTraceBehavior [ RunTime:0.002000s ]
INFO: [ app_end ] --END-- [ RunTime:0.002000s ]

[ 2015-04-15T14:40:17+08:00 ] ::1 /thinkphp/index.php/home/series/showpage/p/3.html
INFO: [ app_init ] --START--
INFO: Run Behavior\BuildLiteBehavior [ RunTime:0.000000s ]
INFO: [ app_init ] --END-- [ RunTime:0.001000s ]
INFO: [ app_begin ] --START--
INFO: Run Behavior\ReadHtmlCacheBehavior [ RunTime:0.002000s ]
INFO: [ app_begin ] --END-- [ RunTime:0.002000s ]
NOTIC: [8192] mysql_connect(): The mysql extension is deprecated and will be removed in the future: use mysqli or PDO instead E:\weixinweixin\wamp\www\Thinkphp\ThinkPHP\Library\Think\Db\Driver\Mysql.class.php 第 52 行.
SQL: SHOW COLUMNS FROM `series` [ RunTime:0.008000s ]
SQL: SELECT COUNT(*) AS tp_count FROM `series` LIMIT 1   [ RunTime:0.000000s ]
SQL: SELECT `Id`,`Mode`,`Level`,`State`,`Name` FROM `series` LIMIT 4,2   [ RunTime:0.001000s ]
SQL: SHOW COLUMNS FROM `matches` [ RunTime:0.009000s ]
NOTIC: [8] Use of undefined constant A - assumed 'A' E:\weixinweixin\wamp\www\Thinkphp\Application\Test\Controller\MatchesController.class.php 第 105 行.
NOTIC: [8] Use of undefined constant B - assumed 'B' E:\weixinweixin\wamp\www\Thinkphp\Application\Test\Controller\MatchesController.class.php 第 105 行.
NOTIC: [8] Use of undefined constant C - assumed 'C' E:\weixinweixin\wamp\www\Thinkphp\Application\Test\Controller\MatchesController.class.php 第 105 行.
NOTIC: [8] Use of undefined constant D - assumed 'D' E:\weixinweixin\wamp\www\Thinkphp\Application\Test\Controller\MatchesController.class.php 第 105 行.
NOTIC: [8] Use of undefined constant E - assumed 'E' E:\weixinweixin\wamp\www\Thinkphp\Application\Test\Controller\MatchesController.class.php 第 106 行.
NOTIC: [8] Use of undefined constant F - assumed 'F' E:\weixinweixin\wamp\www\Thinkphp\Application\Test\Controller\MatchesController.class.php 第 106 行.
NOTIC: [8] Use of undefined constant G - assumed 'G' E:\weixinweixin\wamp\www\Thinkphp\Application\Test\Controller\MatchesController.class.php 第 106 行.
NOTIC: [8] Use of undefined constant H - assumed 'H' E:\weixinweixin\wamp\www\Thinkphp\Application\Test\Controller\MatchesController.class.php 第 106 行.
NOTIC: [8] Use of undefined constant I - assumed 'I' E:\weixinweixin\wamp\www\Thinkphp\Application\Test\Controller\MatchesController.class.php 第 107 行.
NOTIC: [8] Use of undefined constant J - assumed 'J' E:\weixinweixin\wamp\www\Thinkphp\Application\Test\Controller\MatchesController.class.php 第 107 行.
NOTIC: [8] Use of undefined constant K - assumed 'K' E:\weixinweixin\wamp\www\Thinkphp\Application\Test\Controller\MatchesController.class.php 第 107 行.
NOTIC: [8] Use of undefined constant L - assumed 'L' E:\weixinweixin\wamp\www\Thinkphp\Application\Test\Controller\MatchesController.class.php 第 107 行.
INFO: [ view_parse ] --START--
NOTIC: [8] Undefined offset: 1 E:\weixinweixin\wamp\www\Thinkphp\ThinkPHP\Library\Think\Template\TagLib\Cx.class.php 第 494 行.
INFO: [ template_filter ] --START--
INFO: Run Behavior\ContentReplaceBehavior [ RunTime:0.000000s ]
INFO: [ template_filter ] --END-- [ RunTime:0.000000s ]
INFO: Run Behavior\ParseTemplateBehavior [ RunTime:0.032002s ]
INFO: [ view_parse ] --END-- [ RunTime:0.032002s ]
INFO: [ view_filter ] --START--
INFO: Run Behavior\WriteHtmlCacheBehavior [ RunTime:0.001000s ]
INFO: [ view_filter ] --END-- [ RunTime:0.002000s ]
INFO: [ app_end ] --START--
INFO: Run Behavior\ShowPageTraceBehavior [ RunTime:0.001000s ]
INFO: [ app_end ] --END-- [ RunTime:0.002000s ]

[ 2015-04-15T14:40:18+08:00 ] ::1 /thinkphp/index.php/home/series/showpage/p/4.html
INFO: [ app_init ] --START--
INFO: Run Behavior\BuildLiteBehavior [ RunTime:0.000000s ]
INFO: [ app_init ] --END-- [ RunTime:0.002000s ]
INFO: [ app_begin ] --START--
INFO: Run Behavior\ReadHtmlCacheBehavior [ RunTime:0.002001s ]
INFO: [ app_begin ] --END-- [ RunTime:0.002001s ]
NOTIC: [8192] mysql_connect(): The mysql extension is deprecated and will be removed in the future: use mysqli or PDO instead E:\weixinweixin\wamp\www\Thinkphp\ThinkPHP\Library\Think\Db\Driver\Mysql.class.php 第 52 行.
SQL: SHOW COLUMNS FROM `series` [ RunTime:0.009001s ]
SQL: SELECT COUNT(*) AS tp_count FROM `series` LIMIT 1   [ RunTime:0.001000s ]
SQL: SELECT `Id`,`Mode`,`Level`,`State`,`Name` FROM `series` LIMIT 6,2   [ RunTime:0.000000s ]
SQL: SHOW COLUMNS FROM `matches` [ RunTime:0.009001s ]
NOTIC: [8] Use of undefined constant A - assumed 'A' E:\weixinweixin\wamp\www\Thinkphp\Application\Test\Controller\MatchesController.class.php 第 105 行.
NOTIC: [8] Use of undefined constant B - assumed 'B' E:\weixinweixin\wamp\www\Thinkphp\Application\Test\Controller\MatchesController.class.php 第 105 行.
NOTIC: [8] Use of undefined constant C - assumed 'C' E:\weixinweixin\wamp\www\Thinkphp\Application\Test\Controller\MatchesController.class.php 第 105 行.
NOTIC: [8] Use of undefined constant D - assumed 'D' E:\weixinweixin\wamp\www\Thinkphp\Application\Test\Controller\MatchesController.class.php 第 105 行.
NOTIC: [8] Use of undefined constant E - assumed 'E' E:\weixinweixin\wamp\www\Thinkphp\Application\Test\Controller\MatchesController.class.php 第 106 行.
NOTIC: [8] Use of undefined constant F - assumed 'F' E:\weixinweixin\wamp\www\Thinkphp\Application\Test\Controller\MatchesController.class.php 第 106 行.
NOTIC: [8] Use of undefined constant G - assumed 'G' E:\weixinweixin\wamp\www\Thinkphp\Application\Test\Controller\MatchesController.class.php 第 106 行.
NOTIC: [8] Use of undefined constant H - assumed 'H' E:\weixinweixin\wamp\www\Thinkphp\Application\Test\Controller\MatchesController.class.php 第 106 行.
NOTIC: [8] Use of undefined constant I - assumed 'I' E:\weixinweixin\wamp\www\Thinkphp\Application\Test\Controller\MatchesController.class.php 第 107 行.
NOTIC: [8] Use of undefined constant J - assumed 'J' E:\weixinweixin\wamp\www\Thinkphp\Application\Test\Controller\MatchesController.class.php 第 107 行.
NOTIC: [8] Use of undefined constant K - assumed 'K' E:\weixinweixin\wamp\www\Thinkphp\Application\Test\Controller\MatchesController.class.php 第 107 行.
NOTIC: [8] Use of undefined constant L - assumed 'L' E:\weixinweixin\wamp\www\Thinkphp\Application\Test\Controller\MatchesController.class.php 第 107 行.
INFO: [ view_parse ] --START--
NOTIC: [8] Undefined offset: 1 E:\weixinweixin\wamp\www\Thinkphp\ThinkPHP\Library\Think\Template\TagLib\Cx.class.php 第 494 行.
INFO: [ template_filter ] --START--
INFO: Run Behavior\ContentReplaceBehavior [ RunTime:0.000000s ]
INFO: [ template_filter ] --END-- [ RunTime:0.001001s ]
INFO: Run Behavior\ParseTemplateBehavior [ RunTime:0.038002s ]
INFO: [ view_parse ] --END-- [ RunTime:0.038002s ]
INFO: [ view_filter ] --START--
INFO: Run Behavior\WriteHtmlCacheBehavior [ RunTime:0.001000s ]
INFO: [ view_filter ] --END-- [ RunTime:0.001000s ]
INFO: [ app_end ] --START--
INFO: Run Behavior\ShowPageTraceBehavior [ RunTime:0.001000s ]
INFO: [ app_end ] --END-- [ RunTime:0.001000s ]

[ 2015-04-15T14:40:20+08:00 ] ::1 /thinkphp/index.php/home/series/showpage/p/5.html
INFO: [ app_init ] --START--
INFO: Run Behavior\BuildLiteBehavior [ RunTime:0.001000s ]
INFO: [ app_init ] --END-- [ RunTime:0.002000s ]
INFO: [ app_begin ] --START--
INFO: Run Behavior\ReadHtmlCacheBehavior [ RunTime:0.001000s ]
INFO: [ app_begin ] --END-- [ RunTime:0.001000s ]
NOTIC: [8192] mysql_connect(): The mysql extension is deprecated and will be removed in the future: use mysqli or PDO instead E:\weixinweixin\wamp\www\Thinkphp\ThinkPHP\Library\Think\Db\Driver\Mysql.class.php 第 52 行.
SQL: SHOW COLUMNS FROM `series` [ RunTime:0.010000s ]
SQL: SELECT COUNT(*) AS tp_count FROM `series` LIMIT 1   [ RunTime:0.000000s ]
SQL: SELECT `Id`,`Mode`,`Level`,`State`,`Name` FROM `series` LIMIT 8,2   [ RunTime:0.000000s ]
SQL: SHOW COLUMNS FROM `matches` [ RunTime:0.009001s ]
NOTIC: [8] Use of undefined constant A - assumed 'A' E:\weixinweixin\wamp\www\Thinkphp\Application\Test\Controller\MatchesController.class.php 第 105 行.
NOTIC: [8] Use of undefined constant B - assumed 'B' E:\weixinweixin\wamp\www\Thinkphp\Application\Test\Controller\MatchesController.class.php 第 105 行.
NOTIC: [8] Use of undefined constant C - assumed 'C' E:\weixinweixin\wamp\www\Thinkphp\Application\Test\Controller\MatchesController.class.php 第 105 行.
NOTIC: [8] Use of undefined constant D - assumed 'D' E:\weixinweixin\wamp\www\Thinkphp\Application\Test\Controller\MatchesController.class.php 第 105 行.
NOTIC: [8] Use of undefined constant E - assumed 'E' E:\weixinweixin\wamp\www\Thinkphp\Application\Test\Controller\MatchesController.class.php 第 106 行.
NOTIC: [8] Use of undefined constant F - assumed 'F' E:\weixinweixin\wamp\www\Thinkphp\Application\Test\Controller\MatchesController.class.php 第 106 行.
NOTIC: [8] Use of undefined constant G - assumed 'G' E:\weixinweixin\wamp\www\Thinkphp\Application\Test\Controller\MatchesController.class.php 第 106 行.
NOTIC: [8] Use of undefined constant H - assumed 'H' E:\weixinweixin\wamp\www\Thinkphp\Application\Test\Controller\MatchesController.class.php 第 106 行.
NOTIC: [8] Use of undefined constant I - assumed 'I' E:\weixinweixin\wamp\www\Thinkphp\Application\Test\Controller\MatchesController.class.php 第 107 行.
NOTIC: [8] Use of undefined constant J - assumed 'J' E:\weixinweixin\wamp\www\Thinkphp\Application\Test\Controller\MatchesController.class.php 第 107 行.
NOTIC: [8] Use of undefined constant K - assumed 'K' E:\weixinweixin\wamp\www\Thinkphp\Application\Test\Controller\MatchesController.class.php 第 107 行.
NOTIC: [8] Use of undefined constant L - assumed 'L' E:\weixinweixin\wamp\www\Thinkphp\Application\Test\Controller\MatchesController.class.php 第 107 行.
INFO: [ view_parse ] --START--
NOTIC: [8] Undefined offset: 1 E:\weixinweixin\wamp\www\Thinkphp\ThinkPHP\Library\Think\Template\TagLib\Cx.class.php 第 494 行.
INFO: [ template_filter ] --START--
INFO: Run Behavior\ContentReplaceBehavior [ RunTime:0.000000s ]
INFO: [ template_filter ] --END-- [ RunTime:0.001000s ]
INFO: Run Behavior\ParseTemplateBehavior [ RunTime:0.032002s ]
INFO: [ view_parse ] --END-- [ RunTime:0.032002s ]
INFO: [ view_filter ] --START--
INFO: Run Behavior\WriteHtmlCacheBehavior [ RunTime:0.001000s ]
INFO: [ view_filter ] --END-- [ RunTime:0.001000s ]
INFO: [ app_end ] --START--
INFO: Run Behavior\ShowPageTraceBehavior [ RunTime:0.002000s ]
INFO: [ app_end ] --END-- [ RunTime:0.002000s ]

[ 2015-04-15T14:40:21+08:00 ] ::1 /thinkphp/index.php/home/series/showpage/p/4.html
INFO: [ app_init ] --START--
INFO: Run Behavior\BuildLiteBehavior [ RunTime:0.000000s ]
INFO: [ app_init ] --END-- [ RunTime:0.002000s ]
INFO: [ app_begin ] --START--
INFO: Run Behavior\ReadHtmlCacheBehavior [ RunTime:0.002000s ]
INFO: [ app_begin ] --END-- [ RunTime:0.002000s ]
NOTIC: [8192] mysql_connect(): The mysql extension is deprecated and will be removed in the future: use mysqli or PDO instead E:\weixinweixin\wamp\www\Thinkphp\ThinkPHP\Library\Think\Db\Driver\Mysql.class.php 第 52 行.
SQL: SHOW COLUMNS FROM `series` [ RunTime:0.010001s ]
SQL: SELECT COUNT(*) AS tp_count FROM `series` LIMIT 1   [ RunTime:0.001000s ]
SQL: SELECT `Id`,`Mode`,`Level`,`State`,`Name` FROM `series` LIMIT 6,2   [ RunTime:0.000000s ]
SQL: SHOW COLUMNS FROM `matches` [ RunTime:0.010000s ]
NOTIC: [8] Use of undefined constant A - assumed 'A' E:\weixinweixin\wamp\www\Thinkphp\Application\Test\Controller\MatchesController.class.php 第 105 行.
NOTIC: [8] Use of undefined constant B - assumed 'B' E:\weixinweixin\wamp\www\Thinkphp\Application\Test\Controller\MatchesController.class.php 第 105 行.
NOTIC: [8] Use of undefined constant C - assumed 'C' E:\weixinweixin\wamp\www\Thinkphp\Application\Test\Controller\MatchesController.class.php 第 105 行.
NOTIC: [8] Use of undefined constant D - assumed 'D' E:\weixinweixin\wamp\www\Thinkphp\Application\Test\Controller\MatchesController.class.php 第 105 行.
NOTIC: [8] Use of undefined constant E - assumed 'E' E:\weixinweixin\wamp\www\Thinkphp\Application\Test\Controller\MatchesController.class.php 第 106 行.
NOTIC: [8] Use of undefined constant F - assumed 'F' E:\weixinweixin\wamp\www\Thinkphp\Application\Test\Controller\MatchesController.class.php 第 106 行.
NOTIC: [8] Use of undefined constant G - assumed 'G' E:\weixinweixin\wamp\www\Thinkphp\Application\Test\Controller\MatchesController.class.php 第 106 行.
NOTIC: [8] Use of undefined constant H - assumed 'H' E:\weixinweixin\wamp\www\Thinkphp\Application\Test\Controller\MatchesController.class.php 第 106 行.
NOTIC: [8] Use of undefined constant I - assumed 'I' E:\weixinweixin\wamp\www\Thinkphp\Application\Test\Controller\MatchesController.class.php 第 107 行.
NOTIC: [8] Use of undefined constant J - assumed 'J' E:\weixinweixin\wamp\www\Thinkphp\Application\Test\Controller\MatchesController.class.php 第 107 行.
NOTIC: [8] Use of undefined constant K - assumed 'K' E:\weixinweixin\wamp\www\Thinkphp\Application\Test\Controller\MatchesController.class.php 第 107 行.
NOTIC: [8] Use of undefined constant L - assumed 'L' E:\weixinweixin\wamp\www\Thinkphp\Application\Test\Controller\MatchesController.class.php 第 107 行.
INFO: [ view_parse ] --START--
NOTIC: [8] Undefined offset: 1 E:\weixinweixin\wamp\www\Thinkphp\ThinkPHP\Library\Think\Template\TagLib\Cx.class.php 第 494 行.
INFO: [ template_filter ] --START--
INFO: Run Behavior\ContentReplaceBehavior [ RunTime:0.000000s ]
INFO: [ template_filter ] --END-- [ RunTime:0.001000s ]
INFO: Run Behavior\ParseTemplateBehavior [ RunTime:0.033002s ]
INFO: [ view_parse ] --END-- [ RunTime:0.033002s ]
INFO: [ view_filter ] --START--
INFO: Run Behavior\WriteHtmlCacheBehavior [ RunTime:0.001000s ]
INFO: [ view_filter ] --END-- [ RunTime:0.001000s ]
INFO: [ app_end ] --START--
INFO: Run Behavior\ShowPageTraceBehavior [ RunTime:0.001001s ]
INFO: [ app_end ] --END-- [ RunTime:0.002001s ]

[ 2015-04-15T14:40:23+08:00 ] ::1 /thinkphp/index.php/home/series/showpage/p/5.html
INFO: [ app_init ] --START--
INFO: Run Behavior\BuildLiteBehavior [ RunTime:0.000000s ]
INFO: [ app_init ] --END-- [ RunTime:0.001000s ]
INFO: [ app_begin ] --START--
INFO: Run Behavior\ReadHtmlCacheBehavior [ RunTime:0.002000s ]
INFO: [ app_begin ] --END-- [ RunTime:0.002000s ]
NOTIC: [8192] mysql_connect(): The mysql extension is deprecated and will be removed in the future: use mysqli or PDO instead E:\weixinweixin\wamp\www\Thinkphp\ThinkPHP\Library\Think\Db\Driver\Mysql.class.php 第 52 行.
SQL: SHOW COLUMNS FROM `series` [ RunTime:0.009000s ]
SQL: SELECT COUNT(*) AS tp_count FROM `series` LIMIT 1   [ RunTime:0.000000s ]
SQL: SELECT `Id`,`Mode`,`Level`,`State`,`Name` FROM `series` LIMIT 8,2   [ RunTime:0.000000s ]
SQL: SHOW COLUMNS FROM `matches` [ RunTime:0.009000s ]
NOTIC: [8] Use of undefined constant A - assumed 'A' E:\weixinweixin\wamp\www\Thinkphp\Application\Test\Controller\MatchesController.class.php 第 105 行.
NOTIC: [8] Use of undefined constant B - assumed 'B' E:\weixinweixin\wamp\www\Thinkphp\Application\Test\Controller\MatchesController.class.php 第 105 行.
NOTIC: [8] Use of undefined constant C - assumed 'C' E:\weixinweixin\wamp\www\Thinkphp\Application\Test\Controller\MatchesController.class.php 第 105 行.
NOTIC: [8] Use of undefined constant D - assumed 'D' E:\weixinweixin\wamp\www\Thinkphp\Application\Test\Controller\MatchesController.class.php 第 105 行.
NOTIC: [8] Use of undefined constant E - assumed 'E' E:\weixinweixin\wamp\www\Thinkphp\Application\Test\Controller\MatchesController.class.php 第 106 行.
NOTIC: [8] Use of undefined constant F - assumed 'F' E:\weixinweixin\wamp\www\Thinkphp\Application\Test\Controller\MatchesController.class.php 第 106 行.
NOTIC: [8] Use of undefined constant G - assumed 'G' E:\weixinweixin\wamp\www\Thinkphp\Application\Test\Controller\MatchesController.class.php 第 106 行.
NOTIC: [8] Use of undefined constant H - assumed 'H' E:\weixinweixin\wamp\www\Thinkphp\Application\Test\Controller\MatchesController.class.php 第 106 行.
NOTIC: [8] Use of undefined constant I - assumed 'I' E:\weixinweixin\wamp\www\Thinkphp\Application\Test\Controller\MatchesController.class.php 第 107 行.
NOTIC: [8] Use of undefined constant J - assumed 'J' E:\weixinweixin\wamp\www\Thinkphp\Application\Test\Controller\MatchesController.class.php 第 107 行.
NOTIC: [8] Use of undefined constant K - assumed 'K' E:\weixinweixin\wamp\www\Thinkphp\Application\Test\Controller\MatchesController.class.php 第 107 行.
NOTIC: [8] Use of undefined constant L - assumed 'L' E:\weixinweixin\wamp\www\Thinkphp\Application\Test\Controller\MatchesController.class.php 第 107 行.
INFO: [ view_parse ] --START--
NOTIC: [8] Undefined offset: 1 E:\weixinweixin\wamp\www\Thinkphp\ThinkPHP\Library\Think\Template\TagLib\Cx.class.php 第 494 行.
INFO: [ template_filter ] --START--
INFO: Run Behavior\ContentReplaceBehavior [ RunTime:0.000000s ]
INFO: [ template_filter ] --END-- [ RunTime:0.001000s ]
INFO: Run Behavior\ParseTemplateBehavior [ RunTime:0.036002s ]
INFO: [ view_parse ] --END-- [ RunTime:0.036002s ]
INFO: [ view_filter ] --START--
INFO: Run Behavior\WriteHtmlCacheBehavior [ RunTime:0.001000s ]
INFO: [ view_filter ] --END-- [ RunTime:0.001000s ]
INFO: [ app_end ] --START--
INFO: Run Behavior\ShowPageTraceBehavior [ RunTime:0.001000s ]
INFO: [ app_end ] --END-- [ RunTime:0.001000s ]

[ 2015-04-15T14:40:25+08:00 ] ::1 /thinkphp/index.php/home/series/showpage/p/4.html
INFO: [ app_init ] --START--
INFO: Run Behavior\BuildLiteBehavior [ RunTime:0.000000s ]
INFO: [ app_init ] --END-- [ RunTime:0.002000s ]
INFO: [ app_begin ] --START--
INFO: Run Behavior\ReadHtmlCacheBehavior [ RunTime:0.001000s ]
INFO: [ app_begin ] --END-- [ RunTime:0.002000s ]
NOTIC: [8192] mysql_connect(): The mysql extension is deprecated and will be removed in the future: use mysqli or PDO instead E:\weixinweixin\wamp\www\Thinkphp\ThinkPHP\Library\Think\Db\Driver\Mysql.class.php 第 52 行.
SQL: SHOW COLUMNS FROM `series` [ RunTime:0.009000s ]
SQL: SELECT COUNT(*) AS tp_count FROM `series` LIMIT 1   [ RunTime:0.000000s ]
SQL: SELECT `Id`,`Mode`,`Level`,`State`,`Name` FROM `series` LIMIT 6,2   [ RunTime:0.000000s ]
SQL: SHOW COLUMNS FROM `matches` [ RunTime:0.008000s ]
NOTIC: [8] Use of undefined constant A - assumed 'A' E:\weixinweixin\wamp\www\Thinkphp\Application\Test\Controller\MatchesController.class.php 第 105 行.
NOTIC: [8] Use of undefined constant B - assumed 'B' E:\weixinweixin\wamp\www\Thinkphp\Application\Test\Controller\MatchesController.class.php 第 105 行.
NOTIC: [8] Use of undefined constant C - assumed 'C' E:\weixinweixin\wamp\www\Thinkphp\Application\Test\Controller\MatchesController.class.php 第 105 行.
NOTIC: [8] Use of undefined constant D - assumed 'D' E:\weixinweixin\wamp\www\Thinkphp\Application\Test\Controller\MatchesController.class.php 第 105 行.
NOTIC: [8] Use of undefined constant E - assumed 'E' E:\weixinweixin\wamp\www\Thinkphp\Application\Test\Controller\MatchesController.class.php 第 106 行.
NOTIC: [8] Use of undefined constant F - assumed 'F' E:\weixinweixin\wamp\www\Thinkphp\Application\Test\Controller\MatchesController.class.php 第 106 行.
NOTIC: [8] Use of undefined constant G - assumed 'G' E:\weixinweixin\wamp\www\Thinkphp\Application\Test\Controller\MatchesController.class.php 第 106 行.
NOTIC: [8] Use of undefined constant H - assumed 'H' E:\weixinweixin\wamp\www\Thinkphp\Application\Test\Controller\MatchesController.class.php 第 106 行.
NOTIC: [8] Use of undefined constant I - assumed 'I' E:\weixinweixin\wamp\www\Thinkphp\Application\Test\Controller\MatchesController.class.php 第 107 行.
NOTIC: [8] Use of undefined constant J - assumed 'J' E:\weixinweixin\wamp\www\Thinkphp\Application\Test\Controller\MatchesController.class.php 第 107 行.
NOTIC: [8] Use of undefined constant K - assumed 'K' E:\weixinweixin\wamp\www\Thinkphp\Application\Test\Controller\MatchesController.class.php 第 107 行.
NOTIC: [8] Use of undefined constant L - assumed 'L' E:\weixinweixin\wamp\www\Thinkphp\Application\Test\Controller\MatchesController.class.php 第 107 行.
INFO: [ view_parse ] --START--
NOTIC: [8] Undefined offset: 1 E:\weixinweixin\wamp\www\Thinkphp\ThinkPHP\Library\Think\Template\TagLib\Cx.class.php 第 494 行.
INFO: [ template_filter ] --START--
INFO: Run Behavior\ContentReplaceBehavior [ RunTime:0.000000s ]
INFO: [ template_filter ] --END-- [ RunTime:0.000000s ]
INFO: Run Behavior\ParseTemplateBehavior [ RunTime:0.037002s ]
INFO: [ view_parse ] --END-- [ RunTime:0.037002s ]
INFO: [ view_filter ] --START--
INFO: Run Behavior\WriteHtmlCacheBehavior [ RunTime:0.000000s ]
INFO: [ view_filter ] --END-- [ RunTime:0.002000s ]
INFO: [ app_end ] --START--
INFO: Run Behavior\ShowPageTraceBehavior [ RunTime:0.001000s ]
INFO: [ app_end ] --END-- [ RunTime:0.002000s ]

