[ 2015-02-05T15:50:29+08:00 ] ::1 /Thinkphp/index.php/Home/Series/ShowSeries
INFO: [ app_init ] --START--
INFO: Run Behavior\BuildLiteBehavior [ RunTime:0.000000s ]
INFO: [ app_init ] --END-- [ RunTime:0.038002s ]
INFO: [ app_begin ] --START--
INFO: Run Behavior\ReadHtmlCacheBehavior [ RunTime:0.002000s ]
INFO: [ app_begin ] --END-- [ RunTime:0.002000s ]
NOTIC: [8192] mysql_connect(): The mysql extension is deprecated and will be removed in the future: use mysqli or PDO instead E:\weixinweixin\wamp\www\Thinkphp\ThinkPHP\Library\Think\Db\Driver\Mysql.class.php 第 52 行.
SQL: SHOW COLUMNS FROM `series` [ RunTime:0.005001s ]
SQL: UPDATE `series` SET `Venue`='团体个人加油',`Name`='我添加的' WHERE `Id` = 1234567890 [ RunTime:0.061003s ]
SQL: SHOW COLUMNS FROM `series` [ RunTime:0.006001s ]
SQL: SELECT COUNT(*) AS tp_count FROM `series` LIMIT 1   [ RunTime:0.000000s ]
SQL: SELECT `Mode`,`State`,`StartTime` FROM `series` WHERE `StartTime` > '2014-06-17 14:40:00' AND `EndTime` < '2014-11-27 19:00:00' ORDER BY `StartTime` DESC LIMIT 0,3   [ RunTime:0.001000s ]
INFO: [ view_parse ] --START--
NOTIC: [8] Undefined offset: 1 E:\weixinweixin\wamp\www\Thinkphp\ThinkPHP\Library\Think\Template\TagLib\Cx.class.php 第 494 行.
NOTIC: [8] Undefined offset: 1 E:\weixinweixin\wamp\www\Thinkphp\ThinkPHP\Library\Think\Template\TagLib\Cx.class.php 第 494 行.
INFO: [ template_filter ] --START--
INFO: Run Behavior\ContentReplaceBehavior [ RunTime:0.000000s ]
INFO: [ template_filter ] --END-- [ RunTime:0.001000s ]
NOTIC: [8] Undefined variable: contents E:\weixinweixin\wamp\www\Thinkphp\Application\Runtime\Cache\Home\ef8fd186bab99abcd88c18065dfa2151.php 第 26 行.
NOTIC: [8] Undefined variable: contents E:\weixinweixin\wamp\www\Thinkphp\Application\Runtime\Cache\Home\ef8fd186bab99abcd88c18065dfa2151.php 第 34 行.
NOTIC: [8] Undefined variable: numnum E:\weixinweixin\wamp\www\Thinkphp\Application\Runtime\Cache\Home\ef8fd186bab99abcd88c18065dfa2151.php 第 45 行.
NOTIC: [8] Undefined variable: num E:\weixinweixin\wamp\www\Thinkphp\Application\Runtime\Cache\Home\ef8fd186bab99abcd88c18065dfa2151.php 第 45 行.
NOTIC: [8] Undefined variable: num E:\weixinweixin\wamp\www\Thinkphp\Application\Runtime\Cache\Home\ef8fd186bab99abcd88c18065dfa2151.php 第 50 行.
NOTIC: [8] Undefined variable: numnum E:\weixinweixin\wamp\www\Thinkphp\Application\Runtime\Cache\Home\ef8fd186bab99abcd88c18065dfa2151.php 第 55 行.
NOTIC: [8] Undefined variable: num E:\weixinweixin\wamp\www\Thinkphp\Application\Runtime\Cache\Home\ef8fd186bab99abcd88c18065dfa2151.php 第 55 行.
NOTIC: [8] Undefined variable: num E:\weixinweixin\wamp\www\Thinkphp\Application\Runtime\Cache\Home\ef8fd186bab99abcd88c18065dfa2151.php 第 61 行.
NOTIC: [8] Use of undefined constant xsg - assumed 'xsg' E:\weixinweixin\wamp\www\Thinkphp\Application\Runtime\Cache\Home\ef8fd186bab99abcd88c18065dfa2151.php 第 66 行.
NOTIC: [8] Use of undefined constant y76 - assumed 'y76' E:\weixinweixin\wamp\www\Thinkphp\Application\Runtime\Cache\Home\ef8fd186bab99abcd88c18065dfa2151.php 第 66 行.
NOTIC: [8] Use of undefined constant xuy - assumed 'xuy' E:\weixinweixin\wamp\www\Thinkphp\Application\Runtime\Cache\Home\ef8fd186bab99abcd88c18065dfa2151.php 第 66 行.
INFO: Run Behavior\ParseTemplateBehavior [ RunTime:0.105006s ]
INFO: [ view_parse ] --END-- [ RunTime:0.105006s ]
INFO: [ view_filter ] --START--
INFO: Run Behavior\WriteHtmlCacheBehavior [ RunTime:0.017001s ]
INFO: [ view_filter ] --END-- [ RunTime:0.017001s ]
INFO: [ app_end ] --START--
INFO: Run Behavior\ShowPageTraceBehavior [ RunTime:0.034002s ]
INFO: [ app_end ] --END-- [ RunTime:0.034002s ]

[ 2015-02-05T15:50:33+08:00 ] ::1 /Thinkphp/index.php/Home/Series/ShowSeries
INFO: [ app_init ] --START--
INFO: Run Behavior\BuildLiteBehavior [ RunTime:0.000000s ]
INFO: [ app_init ] --END-- [ RunTime:0.001000s ]
INFO: [ app_begin ] --START--
INFO: Run Behavior\ReadHtmlCacheBehavior [ RunTime:0.001000s ]
INFO: [ app_begin ] --END-- [ RunTime:0.002000s ]
NOTIC: [8192] mysql_connect(): The mysql extension is deprecated and will be removed in the future: use mysqli or PDO instead E:\weixinweixin\wamp\www\Thinkphp\ThinkPHP\Library\Think\Db\Driver\Mysql.class.php 第 52 行.
SQL: SHOW COLUMNS FROM `series` [ RunTime:0.006000s ]
SQL: UPDATE `series` SET `Venue`='团体个人加油',`Name`='我添加的' WHERE `Id` = 1234567890 [ RunTime:0.096006s ]
SQL: SHOW COLUMNS FROM `series` [ RunTime:0.006000s ]
SQL: SELECT COUNT(*) AS tp_count FROM `series` LIMIT 1   [ RunTime:0.001001s ]
SQL: SELECT `Mode`,`State`,`StartTime` FROM `series` WHERE `StartTime` > '2014-06-17 14:40:00' AND `EndTime` < '2014-11-27 19:00:00' ORDER BY `StartTime` DESC LIMIT 0,3   [ RunTime:0.001000s ]
INFO: [ view_parse ] --START--
NOTIC: [8] Undefined offset: 1 E:\weixinweixin\wamp\www\Thinkphp\ThinkPHP\Library\Think\Template\TagLib\Cx.class.php 第 494 行.
NOTIC: [8] Undefined offset: 1 E:\weixinweixin\wamp\www\Thinkphp\ThinkPHP\Library\Think\Template\TagLib\Cx.class.php 第 494 行.
INFO: [ template_filter ] --START--
INFO: Run Behavior\ContentReplaceBehavior [ RunTime:0.000000s ]
INFO: [ template_filter ] --END-- [ RunTime:0.001000s ]
NOTIC: [8] Undefined variable: contents E:\weixinweixin\wamp\www\Thinkphp\Application\Runtime\Cache\Home\ef8fd186bab99abcd88c18065dfa2151.php 第 26 行.
NOTIC: [8] Undefined variable: contents E:\weixinweixin\wamp\www\Thinkphp\Application\Runtime\Cache\Home\ef8fd186bab99abcd88c18065dfa2151.php 第 34 行.
NOTIC: [8] Undefined variable: numnum E:\weixinweixin\wamp\www\Thinkphp\Application\Runtime\Cache\Home\ef8fd186bab99abcd88c18065dfa2151.php 第 45 行.
NOTIC: [8] Undefined variable: num E:\weixinweixin\wamp\www\Thinkphp\Application\Runtime\Cache\Home\ef8fd186bab99abcd88c18065dfa2151.php 第 45 行.
NOTIC: [8] Undefined variable: num E:\weixinweixin\wamp\www\Thinkphp\Application\Runtime\Cache\Home\ef8fd186bab99abcd88c18065dfa2151.php 第 50 行.
NOTIC: [8] Undefined variable: numnum E:\weixinweixin\wamp\www\Thinkphp\Application\Runtime\Cache\Home\ef8fd186bab99abcd88c18065dfa2151.php 第 55 行.
NOTIC: [8] Undefined variable: num E:\weixinweixin\wamp\www\Thinkphp\Application\Runtime\Cache\Home\ef8fd186bab99abcd88c18065dfa2151.php 第 55 行.
NOTIC: [8] Undefined variable: num E:\weixinweixin\wamp\www\Thinkphp\Application\Runtime\Cache\Home\ef8fd186bab99abcd88c18065dfa2151.php 第 61 行.
NOTIC: [8] Use of undefined constant xsg - assumed 'xsg' E:\weixinweixin\wamp\www\Thinkphp\Application\Runtime\Cache\Home\ef8fd186bab99abcd88c18065dfa2151.php 第 66 行.
NOTIC: [8] Use of undefined constant y76 - assumed 'y76' E:\weixinweixin\wamp\www\Thinkphp\Application\Runtime\Cache\Home\ef8fd186bab99abcd88c18065dfa2151.php 第 66 行.
NOTIC: [8] Use of undefined constant xuy - assumed 'xuy' E:\weixinweixin\wamp\www\Thinkphp\Application\Runtime\Cache\Home\ef8fd186bab99abcd88c18065dfa2151.php 第 66 行.
INFO: Run Behavior\ParseTemplateBehavior [ RunTime:0.053003s ]
INFO: [ view_parse ] --END-- [ RunTime:0.054003s ]
INFO: [ view_filter ] --START--
INFO: Run Behavior\WriteHtmlCacheBehavior [ RunTime:0.001000s ]
INFO: [ view_filter ] --END-- [ RunTime:0.001000s ]
INFO: [ app_end ] --START--
INFO: Run Behavior\ShowPageTraceBehavior [ RunTime:0.001000s ]
INFO: [ app_end ] --END-- [ RunTime:0.001000s ]

