[ 2015-02-24T12:31:39+08:00 ] ::1 /thinkphp/index.php/home/series/showpage/p/2.html
INFO: [ app_init ] --START--
INFO: Run Behavior\BuildLiteBehavior [ RunTime:0.000000s ]
INFO: [ app_init ] --END-- [ RunTime:0.015001s ]
INFO: [ app_begin ] --START--
INFO: Run Behavior\ReadHtmlCacheBehavior [ RunTime:0.005000s ]
INFO: [ app_begin ] --END-- [ RunTime:0.006000s ]
NOTIC: [8192] mysql_connect(): The mysql extension is deprecated and will be removed in the future: use mysqli or PDO instead E:\weixinweixin\wamp\www\Thinkphp\ThinkPHP\Library\Think\Db\Driver\Mysql.class.php 第 52 行.
SQL: SHOW COLUMNS FROM `series` [ RunTime:0.105006s ]
SQL: SELECT COUNT(*) AS tp_count FROM `series` LIMIT 1   [ RunTime:0.003000s ]
SQL: SELECT `Id`,`Mode`,`Level`,`State`,`Name` FROM `series` LIMIT 2,2   [ RunTime:0.001000s ]
SQL: SHOW COLUMNS FROM `matches` [ RunTime:0.033001s ]
NOTIC: [8] Use of undefined constant A - assumed 'A' E:\weixinweixin\wamp\www\Thinkphp\Application\Test\Controller\MatchesController.class.php 第 27 行.
NOTIC: [8] Use of undefined constant B - assumed 'B' E:\weixinweixin\wamp\www\Thinkphp\Application\Test\Controller\MatchesController.class.php 第 27 行.
NOTIC: [8] Use of undefined constant C - assumed 'C' E:\weixinweixin\wamp\www\Thinkphp\Application\Test\Controller\MatchesController.class.php 第 27 行.
NOTIC: [8] Use of undefined constant D - assumed 'D' E:\weixinweixin\wamp\www\Thinkphp\Application\Test\Controller\MatchesController.class.php 第 27 行.
NOTIC: [8] Use of undefined constant E - assumed 'E' E:\weixinweixin\wamp\www\Thinkphp\Application\Test\Controller\MatchesController.class.php 第 28 行.
NOTIC: [8] Use of undefined constant F - assumed 'F' E:\weixinweixin\wamp\www\Thinkphp\Application\Test\Controller\MatchesController.class.php 第 28 行.
NOTIC: [8] Use of undefined constant G - assumed 'G' E:\weixinweixin\wamp\www\Thinkphp\Application\Test\Controller\MatchesController.class.php 第 28 行.
NOTIC: [8] Use of undefined constant H - assumed 'H' E:\weixinweixin\wamp\www\Thinkphp\Application\Test\Controller\MatchesController.class.php 第 28 行.
NOTIC: [8] Use of undefined constant I - assumed 'I' E:\weixinweixin\wamp\www\Thinkphp\Application\Test\Controller\MatchesController.class.php 第 29 行.
NOTIC: [8] Use of undefined constant J - assumed 'J' E:\weixinweixin\wamp\www\Thinkphp\Application\Test\Controller\MatchesController.class.php 第 29 行.
NOTIC: [8] Use of undefined constant K - assumed 'K' E:\weixinweixin\wamp\www\Thinkphp\Application\Test\Controller\MatchesController.class.php 第 29 行.
NOTIC: [8] Use of undefined constant L - assumed 'L' E:\weixinweixin\wamp\www\Thinkphp\Application\Test\Controller\MatchesController.class.php 第 29 行.
INFO: [ view_parse ] --START--
NOTIC: [8] Undefined offset: 1 E:\weixinweixin\wamp\www\Thinkphp\ThinkPHP\Library\Think\Template\TagLib\Cx.class.php 第 494 行.
INFO: [ template_filter ] --START--
INFO: Run Behavior\ContentReplaceBehavior [ RunTime:0.001000s ]
INFO: [ template_filter ] --END-- [ RunTime:0.001000s ]
INFO: Run Behavior\ParseTemplateBehavior [ RunTime:0.133008s ]
INFO: [ view_parse ] --END-- [ RunTime:0.133008s ]
INFO: [ view_filter ] --START--
INFO: Run Behavior\WriteHtmlCacheBehavior [ RunTime:0.020001s ]
INFO: [ view_filter ] --END-- [ RunTime:0.020001s ]
INFO: [ app_end ] --START--
INFO: Run Behavior\ShowPageTraceBehavior [ RunTime:0.011001s ]
INFO: [ app_end ] --END-- [ RunTime:0.011001s ]

